d:\01project\14新奥集团\04测试\com.ejsino.artificialrobot\wechatbotclient\bin\release\plugin\chatroommember.lib
d:\01project\14新奥集团\04测试\com.ejsino.artificialrobot\wechatbotclient\bin\release\plugin\chatroommember.exp
d:\01project\14新奥集团\04测试\com.ejsino.artificialrobot\wechatbotclient\bin\release\plugin\chatroommember.ipdb
d:\01project\14新奥集团\04测试\com.ejsino.artificialrobot\wechatbotclient\bin\release\plugin\chatroommember.iobj
d:\01project\14新奥集团\04测试\com.ejsino.artificialrobot\chatroommember\release\chatroommember.pch
d:\01project\14新奥集团\04测试\com.ejsino.artificialrobot\chatroommember\release\vc141.pdb
d:\01project\14新奥集团\04测试\com.ejsino.artificialrobot\chatroommember\release\stdafx.obj
d:\01project\14新奥集团\04测试\com.ejsino.artificialrobot\chatroommember\release\dllmain.obj
d:\01project\14新奥集团\04测试\com.ejsino.artificialrobot\chatroommember\release\chatroommember.obj
d:\01project\14新奥集团\04测试\com.ejsino.artificialrobot\wechatbotclient\bin\release\plugin\chatroommember.dll
d:\01project\14新奥集团\04测试\com.ejsino.artificialrobot\wechatbotclient\bin\release\plugin\chatroommember.pdb
d:\01project\14新奥集团\04测试\com.ejsino.artificialrobot\\wechatbotclient\bin\release\plugin\chatroommember.pdb
d:\01project\14新奥集团\04测试\com.ejsino.artificialrobot\\wechatbotclient\bin\release\plugin\chatroommember.dll
d:\01project\14新奥集团\04测试\com.ejsino.artificialrobot\chatroommember\release\chatroommember.tlog\chatroommember.write.1u.tlog
d:\01project\14新奥集团\04测试\com.ejsino.artificialrobot\chatroommember\release\chatroommember.tlog\cl.command.1.tlog
d:\01project\14新奥集团\04测试\com.ejsino.artificialrobot\chatroommember\release\chatroommember.tlog\cl.read.1.tlog
d:\01project\14新奥集团\04测试\com.ejsino.artificialrobot\chatroommember\release\chatroommember.tlog\cl.write.1.tlog
d:\01project\14新奥集团\04测试\com.ejsino.artificialrobot\chatroommember\release\chatroommember.tlog\link.command.1.tlog
d:\01project\14新奥集团\04测试\com.ejsino.artificialrobot\chatroommember\release\chatroommember.tlog\link.read.1.tlog
d:\01project\14新奥集团\04测试\com.ejsino.artificialrobot\chatroommember\release\chatroommember.tlog\link.write.1.tlog
