d:\01project\14新奥集团\04测试\com.ejsino.artificialrobot\wechatbotclient\bin\debug\plugin\chatroommember.lib
d:\01project\14新奥集团\04测试\com.ejsino.artificialrobot\wechatbotclient\bin\debug\plugin\chatroommember.exp
d:\01project\14新奥集团\04测试\com.ejsino.artificialrobot\chatroommember\debug\chatroommember.pch
d:\01project\14新奥集团\04测试\com.ejsino.artificialrobot\chatroommember\debug\vc141.pdb
d:\01project\14新奥集团\04测试\com.ejsino.artificialrobot\chatroommember\debug\vc141.idb
d:\01project\14新奥集团\04测试\com.ejsino.artificialrobot\chatroommember\debug\stdafx.obj
d:\01project\14新奥集团\04测试\com.ejsino.artificialrobot\chatroommember\debug\dllmain.obj
d:\01project\14新奥集团\04测试\com.ejsino.artificialrobot\chatroommember\debug\chatroommember.obj
d:\01project\14新奥集团\04测试\com.ejsino.artificialrobot\wechatbotclient\bin\debug\plugin\chatroommember.ilk
d:\01project\14新奥集团\04测试\com.ejsino.artificialrobot\wechatbotclient\bin\debug\plugin\chatroommember.dll
d:\01project\14新奥集团\04测试\com.ejsino.artificialrobot\wechatbotclient\bin\debug\plugin\chatroommember.pdb
d:\01project\14新奥集团\04测试\com.ejsino.artificialrobot\\wechatbotclient\bin\debug\plugin\chatroommember.pdb
d:\01project\14新奥集团\04测试\com.ejsino.artificialrobot\\wechatbotclient\bin\debug\plugin\chatroommember.dll
d:\01project\14新奥集团\04测试\com.ejsino.artificialrobot\\wechatbotclient\bin\debug\plugin\chatroommember.ilk
d:\01project\14新奥集团\04测试\com.ejsino.artificialrobot\chatroommember\debug\chatroommember.tlog\chatroommember.write.1u.tlog
d:\01project\14新奥集团\04测试\com.ejsino.artificialrobot\chatroommember\debug\chatroommember.tlog\cl.command.1.tlog
d:\01project\14新奥集团\04测试\com.ejsino.artificialrobot\chatroommember\debug\chatroommember.tlog\cl.read.1.tlog
d:\01project\14新奥集团\04测试\com.ejsino.artificialrobot\chatroommember\debug\chatroommember.tlog\cl.write.1.tlog
d:\01project\14新奥集团\04测试\com.ejsino.artificialrobot\chatroommember\debug\chatroommember.tlog\link.command.1.tlog
d:\01project\14新奥集团\04测试\com.ejsino.artificialrobot\chatroommember\debug\chatroommember.tlog\link.read.1.tlog
d:\01project\14新奥集团\04测试\com.ejsino.artificialrobot\chatroommember\debug\chatroommember.tlog\link.write.1.tlog
